<?xml version="1.0" encoding="utf-8"?><testsuites name="pytest tests"><testsuite name="pytest" errors="0" failures="1" skipped="0" tests="12" time="43.555" timestamp="2026-04-29T17:24:09.738778+00:00" hostname="agent-env-9464e87b-9832-4f67-ab4a-15ae3de59c7f"><testcase classname="backend.tests.test_iteration18.TestPaymentsConfig" name="test_get_admin_payments_config_masked" time="0.508" /><testcase classname="backend.tests.test_iteration18.TestPaymentsConfig" name="test_put_payments_config_persists_and_db_takes_precedence" time="0.365" /><testcase classname="backend.tests.test_iteration18.TestPaymentsConfig" name="test_put_invalid_environment" time="0.118" /><testcase classname="backend.tests.test_iteration18.TestCorreiosConfig" name="test_get_default_config" time="0.146" /><testcase classname="backend.tests.test_iteration18.TestCorreiosConfig" name="test_update_config" time="0.150" /><testcase classname="backend.tests.test_iteration18.TestCorreiosConfig" name="test_admin_correios_test" time="20.235" /><testcase classname="backend.tests.test_iteration18.TestCorreiosConfig" name="test_admin_correios_logs" time="0.161" /><testcase classname="backend.tests.test_iteration18.TestShippingCalculate" name="test_calculate_with_pickup" time="20.389" /><testcase classname="backend.tests.test_iteration18.TestShippingCalculate" name="test_calculate_invalid_cep" time="0.141" /><testcase classname="backend.tests.test_iteration18.TestShippingCalculate" name="test_calculate_disabled_no_pickup" time="0.367" /><testcase classname="backend.tests.test_iteration18.TestProductDimensions" name="test_product_create_with_dimensions" time="0.334"><failure message="AssertionError: assert None == 0.7&#10; +  where None = &lt;built-in method get of dict object at 0xfd79fb288540&gt;('weight')&#10; +    where &lt;built-in method get of dict object at 0xfd79fb288540&gt; = {'product': {'active': True, 'brand': None, 'category': 'test', 'created_at': '2026-04-29T17:24:52.692048+00:00', ...}, 'related': []}.get">backend/tests/test_iteration18.py:201: in test_product_create_with_dimensions
    assert p.get("weight") == 0.7
E   AssertionError: assert None == 0.7
E    +  where None = &lt;built-in method get of dict object at 0xfd79fb288540&gt;('weight')
E    +    where &lt;built-in method get of dict object at 0xfd79fb288540&gt; = {'product': {'active': True, 'brand': None, 'category': 'test', 'created_at': '2026-04-29T17:24:52.692048+00:00', ...}, 'related': []}.get</failure></testcase><testcase classname="backend.tests.test_iteration18.TestPointsXlsx" name="test_export_xlsx" time="0.345" /></testsuite></testsuites>