<?xml version="1.0" encoding="utf-8"?><testsuites name="pytest tests"><testsuite name="pytest" errors="0" failures="1" skipped="0" tests="20" time="5.892" timestamp="2026-04-29T16:56:58.517814+00:00" hostname="agent-env-9464e87b-9832-4f67-ab4a-15ae3de59c7f"><testcase classname="backend.tests.test_iteration17" name="test_health" time="0.256" /><testcase classname="backend.tests.test_iteration17" name="test_payments_config_public" time="0.124" /><testcase classname="backend.tests.test_iteration17" name="test_admin_payments_config_get" time="0.404"><failure message="AssertionError: assert None is False&#10; +  where None = &lt;built-in method get of dict object at 0xfc8764247280&gt;('prod_configured')&#10; +    where &lt;built-in method get of dict object at 0xfc8764247280&gt; = {'mp_environment': 'test', 'production_configured': False, 'production_public_key': '', 'test_configured': True, ...}.get">backend/tests/test_iteration17.py:62: in test_admin_payments_config_get
    assert d.get("prod_configured") is False
E   AssertionError: assert None is False
E    +  where None = &lt;built-in method get of dict object at 0xfc8764247280&gt;('prod_configured')
E    +    where &lt;built-in method get of dict object at 0xfc8764247280&gt; = {'mp_environment': 'test', 'production_configured': False, 'production_public_key': '', 'test_configured': True, ...}.get</failure></testcase><testcase classname="backend.tests.test_iteration17" name="test_admin_payments_config_set_test" time="0.064" /><testcase classname="backend.tests.test_iteration17" name="test_admin_payments_config_set_prod_blocked" time="0.058" /><testcase classname="backend.tests.test_iteration17" name="test_admin_edit_user" time="0.470" /><testcase classname="backend.tests.test_iteration17" name="test_admin_edit_user_duplicate_email" time="0.063" /><testcase classname="backend.tests.test_iteration17" name="test_admin_toggle_status" time="0.114" /><testcase classname="backend.tests.test_iteration17" name="test_login_blocked_when_inactive" time="0.813" /><testcase classname="backend.tests.test_iteration17" name="test_admin_send_password_reset" time="0.058" /><testcase classname="backend.tests.test_iteration17" name="test_admin_send_first_access" time="0.057" /><testcase classname="backend.tests.test_iteration17" name="test_password_reset_request_always_ok" time="0.124" /><testcase classname="backend.tests.test_iteration17" name="test_password_reset_validate_invalid" time="0.135" /><testcase classname="backend.tests.test_iteration17" name="test_password_reset_full_flow" time="1.043" /><testcase classname="backend.tests.test_iteration17" name="test_product_points_value" time="0.122" /><testcase classname="backend.tests.test_iteration17" name="test_points_report_endpoint" time="0.056" /><testcase classname="backend.tests.test_iteration17" name="test_points_export_csv" time="0.054" /><testcase classname="backend.tests.test_iteration17" name="test_create_payment_mp_real" time="0.954" /><testcase classname="backend.tests.test_iteration17" name="test_webhook_permissive" time="0.297" /><testcase classname="backend.tests.test_iteration17" name="test_admin_hard_delete_user" time="0.526" /></testsuite></testsuites>