<?xml version="1.0" encoding="utf-8"?><testsuites name="pytest tests"><testsuite name="pytest" errors="0" failures="0" skipped="0" tests="11" time="6.475" timestamp="2026-04-29T18:08:57.088572+00:00" hostname="agent-env-9464e87b-9832-4f67-ab4a-15ae3de59c7f"><testcase classname="backend.tests.test_iteration19.TestCorreiosConfigSchema" name="test_get_config_returns_new_cws_fields_no_legacy_password" time="0.695" /><testcase classname="backend.tests.test_iteration19.TestCorreiosConfigSchema" name="test_default_services_contains_cws_codes" time="0.190" /><testcase classname="backend.tests.test_iteration19.TestCorreiosConfigSchema" name="test_put_invalid_environment_returns_400" time="0.158" /><testcase classname="backend.tests.test_iteration19.TestCorreiosConfigSchema" name="test_put_accepts_homologacao_and_producao" time="0.607" /><testcase classname="backend.tests.test_iteration19.TestCorreiosConfigSchema" name="test_put_credentials_invalidates_token_cache" time="0.237" /><testcase classname="backend.tests.test_iteration19.TestCorreiosTestAuth" name="test_test_auth_missing_credentials" time="0.151" /><testcase classname="backend.tests.test_iteration19.TestCorreiosTestAuth" name="test_test_auth_fake_credentials_hits_real_cws" time="1.087" /><testcase classname="backend.tests.test_iteration19.TestCorreiosTestAuth" name="test_correios_logs_registered" time="0.001" /><testcase classname="backend.tests.test_iteration19.TestShippingCalculate" name="test_calculate_with_incomplete_creds_no_500" time="1.245" /><testcase classname="backend.tests.test_iteration19.TestShippingCalculate" name="test_pickup_prepended_when_enabled" time="1.075" /><testcase classname="backend.tests.test_iteration19.TestShippingCalculate" name="test_package_minimum_dimensions" time="0.880" /></testsuite></testsuites>