<?xml version="1.0" encoding="utf-8"?><testsuites name="pytest tests"><testsuite name="pytest" errors="0" failures="0" skipped="0" tests="19" time="7.666" timestamp="2026-04-23T20:43:05.635611+00:00" hostname="agent-env-9464e87b-9832-4f67-ab4a-15ae3de59c7f"><testcase classname="backend.tests.test_phase2e_emails_webhook.TestDefaultTemplates" name="test_eight_default_templates_seeded" time="0.599" /><testcase classname="backend.tests.test_phase2e_emails_webhook.TestDefaultTemplates" name="test_template_fields_present" time="0.124" /><testcase classname="backend.tests.test_phase2e_emails_webhook.TestTemplateCRUD" name="test_create_update_delete" time="0.491" /><testcase classname="backend.tests.test_phase2e_emails_webhook.TestTemplateCRUD" name="test_reset_default_template" time="0.423" /><testcase classname="backend.tests.test_phase2e_emails_webhook.TestEmailTest" name="test_email_disabled_default" time="0.238" /><testcase classname="backend.tests.test_phase2e_emails_webhook.TestEmailTest" name="test_no_api_key" time="0.324" /><testcase classname="backend.tests.test_phase2e_emails_webhook.TestBroadcast" name="test_broadcast_admin_target" time="0.123" /><testcase classname="backend.tests.test_phase2e_emails_webhook.TestBroadcast" name="test_broadcast_requires_admin" time="0.162" /><testcase classname="backend.tests.test_phase2e_emails_webhook.TestEmailLogs" name="test_list_logs_pagination" time="0.121" /><testcase classname="backend.tests.test_phase2e_emails_webhook.TestSettings" name="test_settings_accept_email_fields" time="0.233" /><testcase classname="backend.tests.test_phase2e_emails_webhook.TestSettings" name="test_external_webhook_token_present" time="0.106" /><testcase classname="backend.tests.test_phase2e_emails_webhook.TestWebhookSync" name="test_missing_token_returns_401" time="0.118" /><testcase classname="backend.tests.test_phase2e_emails_webhook.TestWebhookSync" name="test_wrong_token_returns_401" time="0.108" /><testcase classname="backend.tests.test_phase2e_emails_webhook.TestWebhookSync" name="test_upsert_creates_users" time="0.670" /><testcase classname="backend.tests.test_phase2e_emails_webhook.TestWebhookSync" name="test_delete_reverts_to_customer" time="0.579" /><testcase classname="backend.tests.test_phase2e_emails_webhook.TestWebhookSync" name="test_invalid_action_returns_400" time="0.145" /><testcase classname="backend.tests.test_phase2e_emails_webhook.TestWebhookAdmin" name="test_webhook_logs_pagination" time="0.120" /><testcase classname="backend.tests.test_phase2e_emails_webhook.TestWebhookAdmin" name="test_regenerate_token" time="0.316" /><testcase classname="backend.tests.test_phase2e_emails_webhook.TestRegisterTrigger" name="test_register_creates_welcome_log" time="2.589" /></testsuite></testsuites>