<?xml version="1.0" encoding="utf-8"?><testsuites name="pytest tests"><testsuite name="pytest" errors="0" failures="0" skipped="0" tests="18" time="8.854" timestamp="2026-04-23T18:22:54.550406+00:00" hostname="agent-env-9464e87b-9832-4f67-ab4a-15ae3de59c7f"><testcase classname="backend.tests.test_phase2a_mmn.TestSettings" name="test_get_settings" time="0.520" /><testcase classname="backend.tests.test_phase2a_mmn.TestSettings" name="test_update_settings_sanitizes_generations" time="0.101" /><testcase classname="backend.tests.test_phase2a_mmn.TestSettings" name="test_non_admin_cannot_access" time="0.438" /><testcase classname="backend.tests.test_phase2a_mmn.TestRegisterDefaults" name="test_register_defaults_to_customer" time="0.377" /><testcase classname="backend.tests.test_phase2a_mmn.TestPromoteRevoke" name="test_promote_customer_to_propagandista" time="0.534" /><testcase classname="backend.tests.test_phase2a_mmn.TestPromoteRevoke" name="test_promote_non_customer_fails" time="0.520" /><testcase classname="backend.tests.test_phase2a_mmn.TestPromoteRevoke" name="test_revoke_non_network2_fails" time="0.394" /><testcase classname="backend.tests.test_phase2a_mmn.TestProfileUpdate" name="test_update_cpf_pix" time="0.438" /><testcase classname="backend.tests.test_phase2a_mmn.TestImportNetwork1" name="test_import_with_leader_mapping" time="0.328" /><testcase classname="backend.tests.test_phase2a_mmn.TestImportNetwork1" name="test_import_upserts_existing" time="0.544" /><testcase classname="backend.tests.test_phase2a_mmn.TestUsersByNetwork" name="test_users_by_network_invalid" time="0.049" /><testcase classname="backend.tests.test_phase2a_mmn.TestUsersByNetwork" name="test_users_by_network_customer" time="0.048" /><testcase classname="backend.tests.test_phase2a_mmn.TestUsersByNetwork" name="test_user_tree" time="0.096" /><testcase classname="backend.tests.test_phase2a_mmn.TestMyNetwork" name="test_customer_network_view" time="0.400" /><testcase classname="backend.tests.test_phase2a_mmn.TestPropagandaCandidates" name="test_list_candidates_structure" time="0.068" /><testcase classname="backend.tests.test_phase2a_mmn.TestCommissionsReport" name="test_report_structure" time="0.052" /><testcase classname="backend.tests.test_phase2a_mmn.TestMmnEngine" name="test_customer_sponsor_no_network_commission" time="1.867" /><testcase classname="backend.tests.test_phase2a_mmn.TestMmnEngine" name="test_network2_chain_6_gens" time="1.995" /></testsuite></testsuites>