<?xml version="1.0" encoding="utf-8"?><testsuites name="pytest tests"><testsuite name="pytest" errors="0" failures="0" skipped="1" tests="13" time="4.521" timestamp="2026-04-23T19:20:44.638633+00:00" hostname="agent-env-9464e87b-9832-4f67-ab4a-15ae3de59c7f"><testcase classname="backend.tests.test_phase2c_invoices.TestCompanySettings" name="test_put_company_fields_and_get" time="0.626" /><testcase classname="backend.tests.test_phase2c_invoices.TestAutoIssueMockConfirm" name="test_mock_confirm_issues_invoice" time="1.171" /><testcase classname="backend.tests.test_phase2c_invoices.TestAutoIssueMockConfirm" name="test_get_invoice_owner_access" time="0.110" /><testcase classname="backend.tests.test_phase2c_invoices.TestAutoIssueMockConfirm" name="test_get_invoice_admin_access" time="0.107" /><testcase classname="backend.tests.test_phase2c_invoices.TestAutoIssueMockConfirm" name="test_get_invoice_forbidden_for_other_user" time="0.495" /><testcase classname="backend.tests.test_phase2c_invoices.TestAdminStatusTransitions" name="test_paid_via_admin_status_issues_invoice" time="0.329" /><testcase classname="backend.tests.test_phase2c_invoices.TestAdminStatusTransitions" name="test_invoice_stable_across_shipped_delivered" time="0.227" /><testcase classname="backend.tests.test_phase2c_invoices.TestManualIssue" name="test_issue_invoice_errors" time="0.577" /><testcase classname="backend.tests.test_phase2c_invoices.TestManualIssue" name="test_manual_issue_success_flow" time="0.000"><skipped type="pytest.skip" message="Manual issue success path requires DB manipulation; auto-issue covered elsewhere">/app/backend/tests/test_phase2c_invoices.py:257: Manual issue success path requires DB manipulation; auto-issue covered elsewhere</skipped></testcase><testcase classname="backend.tests.test_phase2c_invoices.TestAdminInvoicesList" name="test_list_has_invoices_and_totals" time="0.104" /><testcase classname="backend.tests.test_phase2c_invoices.TestAdminInvoicesList" name="test_list_search_by_invoice_number" time="0.114" /><testcase classname="backend.tests.test_phase2c_invoices.TestCounterMonotonic" name="test_counter_never_regresses" time="0.336" /><testcase classname="backend.tests.test_phase2c_invoices.TestCounterMonotonic" name="test_counter_at_least_as_many_as_invoices" time="0.250" /></testsuite></testsuites>