<?xml version="1.0" encoding="utf-8"?><testsuites name="pytest tests"><testsuite name="pytest" errors="0" failures="0" skipped="0" tests="23" time="4.536" timestamp="2026-04-24T20:54:01.125556+00:00" hostname="agent-env-9464e87b-9832-4f67-ab4a-15ae3de59c7f"><testcase classname="backend.tests.test_phase3_card_program.TestHealthAndPublic" name="test_health" time="0.253" /><testcase classname="backend.tests.test_phase3_card_program.TestHealthAndPublic" name="test_public_card_enrollment_fields" time="0.058" /><testcase classname="backend.tests.test_phase3_card_program.TestRegisterNoReferralCode" name="test_new_user_has_no_referral_code" time="0.347" /><testcase classname="backend.tests.test_phase3_card_program.TestMyReferralBeforeEnrollment" name="test_referral_inactive" time="0.059" /><testcase classname="backend.tests.test_phase3_card_program.TestEnrollment" name="test_enrollment_missing_fields_400" time="0.049" /><testcase classname="backend.tests.test_phase3_card_program.TestEnrollment" name="test_enrollment_success" time="0.083" /><testcase classname="backend.tests.test_phase3_card_program.TestEnrollment" name="test_enrollment_second_time_blocked" time="0.058" /><testcase classname="backend.tests.test_phase3_card_program.TestEnrollment" name="test_my_referral_after_enrollment" time="0.077" /><testcase classname="backend.tests.test_phase3_card_program.TestEnrollment" name="test_card_balance_endpoint" time="0.051" /><testcase classname="backend.tests.test_phase3_card_program.TestAdminCardConfig" name="test_get_config_default" time="0.447" /><testcase classname="backend.tests.test_phase3_card_program.TestAdminCardConfig" name="test_update_config" time="0.066" /><testcase classname="backend.tests.test_phase3_card_program.TestAdminCardConfig" name="test_get_after_update_persists" time="0.059" /><testcase classname="backend.tests.test_phase3_card_program.TestAdminManualReferral" name="test_activate_manual" time="0.413" /><testcase classname="backend.tests.test_phase3_card_program.TestAdminManualReferral" name="test_activate_idempotent" time="0.052" /><testcase classname="backend.tests.test_phase3_card_program.TestAdminManualReferral" name="test_deactivate_manual" time="0.124" /><testcase classname="backend.tests.test_phase3_card_program.TestAdminCardBatches" name="test_run_batch_manual" time="0.061" /><testcase classname="backend.tests.test_phase3_card_program.TestAdminCardBatches" name="test_list_batches" time="0.057" /><testcase classname="backend.tests.test_phase3_card_program.TestAdminCardBatches" name="test_get_batch_detail" time="0.109" /><testcase classname="backend.tests.test_phase3_card_program.TestAdminCardBatches" name="test_export_csv" time="0.118" /><testcase classname="backend.tests.test_phase3_card_program.TestAdminCardBatches" name="test_card_logs" time="0.066" /><testcase classname="backend.tests.test_phase3_card_program.TestE2EFlow" name="test_sponsor_linked" time="0.792" /><testcase classname="backend.tests.test_phase3_card_program.TestE2EFlow" name="test_sponsor_my_referral_active" time="0.169" /><testcase classname="backend.tests.test_phase3_card_program.TestResetAllReferralsZZ" name="test_reset_all" time="0.877" /></testsuite></testsuites>