<?xml version="1.0" encoding="utf-8"?><testsuites name="pytest tests"><testsuite name="pytest" errors="0" failures="0" skipped="1" tests="18" time="5.549" timestamp="2026-04-23T18:44:56.159709+00:00" hostname="agent-env-9464e87b-9832-4f67-ab4a-15ae3de59c7f"><testcase classname="backend.tests.test_phase2b_withdrawals.TestBalance" name="test_balance_has_all_fields" time="0.499" /><testcase classname="backend.tests.test_phase2b_withdrawals.TestBalance" name="test_balance_reflects_enabled_settings" time="0.221" /><testcase classname="backend.tests.test_phase2b_withdrawals.TestQuarantine" name="test_quarantine_with_release_days_30" time="1.466" /><testcase classname="backend.tests.test_phase2b_withdrawals.TestWithdrawalCreate" name="test_create_withdrawal_validates_min" time="0.133" /><testcase classname="backend.tests.test_phase2b_withdrawals.TestWithdrawalCreate" name="test_create_withdrawal_validates_available" time="0.117" /><testcase classname="backend.tests.test_phase2b_withdrawals.TestWithdrawalCreate" name="test_create_withdrawal_success_and_reserves" time="0.356" /><testcase classname="backend.tests.test_phase2b_withdrawals.TestWithdrawalListCancel" name="test_list_my_withdrawals" time="0.110" /><testcase classname="backend.tests.test_phase2b_withdrawals.TestWithdrawalListCancel" name="test_cancel_pending_releases_commissions" time="0.389" /><testcase classname="backend.tests.test_phase2b_withdrawals.TestWithdrawalListCancel" name="test_cancel_already_cancelled_fails" time="0.112" /><testcase classname="backend.tests.test_phase2b_withdrawals.TestAdminWithdrawals" name="test_create_second_withdrawal_for_admin_flow" time="0.451" /><testcase classname="backend.tests.test_phase2b_withdrawals.TestAdminWithdrawals" name="test_admin_list_summary" time="0.110" /><testcase classname="backend.tests.test_phase2b_withdrawals.TestAdminWithdrawals" name="test_admin_filter_by_status" time="0.146" /><testcase classname="backend.tests.test_phase2b_withdrawals.TestAdminWithdrawals" name="test_admin_approve_pending" time="0.117" /><testcase classname="backend.tests.test_phase2b_withdrawals.TestAdminWithdrawals" name="test_admin_approve_already_approved_fails" time="0.132" /><testcase classname="backend.tests.test_phase2b_withdrawals.TestAdminWithdrawals" name="test_admin_mark_paid_and_commission_becomes_paid_out" time="0.324" /><testcase classname="backend.tests.test_phase2b_withdrawals.TestAdminWithdrawals" name="test_admin_export_csv_rows" time="0.120" /><testcase classname="backend.tests.test_phase2b_withdrawals.TestAdminReject" name="test_create_and_reject" time="0.130"><skipped type="pytest.skip" message="sem saldo">/app/backend/tests/test_phase2b_withdrawals.py:267: sem saldo</skipped></testcase><testcase classname="backend.tests.test_phase2b_withdrawals.TestWithdrawalDisabled" name="test_blocks_when_disabled" time="0.539" /></testsuite></testsuites>