<?xml version="1.0" encoding="utf-8"?><testsuites name="pytest tests"><testsuite name="pytest" errors="0" failures="0" skipped="0" tests="38" time="8.135" timestamp="2026-04-23T17:30:21.749387+00:00" hostname="agent-env-9464e87b-9832-4f67-ab4a-15ae3de59c7f"><testcase classname="backend.tests.test_ecommerce" name="test_health" time="0.146" /><testcase classname="backend.tests.test_ecommerce.TestAuth" name="test_register_generates_referral_code" time="0.347" /><testcase classname="backend.tests.test_ecommerce.TestAuth" name="test_register_with_sponsor_code" time="0.678" /><testcase classname="backend.tests.test_ecommerce.TestAuth" name="test_register_invalid_sponsor_code_ignored" time="0.359" /><testcase classname="backend.tests.test_ecommerce.TestAuth" name="test_register_duplicate_email" time="0.108" /><testcase classname="backend.tests.test_ecommerce.TestAuth" name="test_admin_login" time="0.352" /><testcase classname="backend.tests.test_ecommerce.TestAuth" name="test_login_wrong_password" time="0.342" /><testcase classname="backend.tests.test_ecommerce.TestAuth" name="test_auth_me_requires_token" time="0.122" /><testcase classname="backend.tests.test_ecommerce.TestReferralValidate" name="test_valid_code" time="0.133" /><testcase classname="backend.tests.test_ecommerce.TestReferralValidate" name="test_invalid_code" time="0.120" /><testcase classname="backend.tests.test_ecommerce.TestReferralValidate" name="test_code_case_insensitive" time="0.119" /><testcase classname="backend.tests.test_ecommerce.TestPublicCatalog" name="test_list_categories" time="0.110" /><testcase classname="backend.tests.test_ecommerce.TestPublicCatalog" name="test_list_products" time="0.108" /><testcase classname="backend.tests.test_ecommerce.TestPublicCatalog" name="test_products_filter_category" time="0.157" /><testcase classname="backend.tests.test_ecommerce.TestPublicCatalog" name="test_products_search" time="0.115" /><testcase classname="backend.tests.test_ecommerce.TestPublicCatalog" name="test_products_featured" time="0.123" /><testcase classname="backend.tests.test_ecommerce.TestPublicCatalog" name="test_featured_endpoint" time="0.112" /><testcase classname="backend.tests.test_ecommerce.TestPublicCatalog" name="test_get_product_detail" time="0.228" /><testcase classname="backend.tests.test_ecommerce.TestPublicCatalog" name="test_get_product_not_found" time="0.124" /><testcase classname="backend.tests.test_ecommerce.TestCart" name="test_cart_requires_auth" time="0.121" /><testcase classname="backend.tests.test_ecommerce.TestCart" name="test_add_update_remove_cart" time="0.287" /><testcase classname="backend.tests.test_ecommerce.TestCart" name="test_add_invalid_product" time="0.044" /><testcase classname="backend.tests.test_ecommerce.TestCart" name="test_add_exceeds_stock" time="0.156" /><testcase classname="backend.tests.test_ecommerce.TestAddresses" name="test_crud_address" time="0.153" /><testcase classname="backend.tests.test_ecommerce.TestCheckoutFlow" name="test_checkout_generates_commission_via_sponsor" time="0.689" /><testcase classname="backend.tests.test_ecommerce.TestCheckoutFlow" name="test_a_sees_pending_commission" time="0.049" /><testcase classname="backend.tests.test_ecommerce.TestCheckoutFlow" name="test_referral_stats_for_a" time="0.047" /><testcase classname="backend.tests.test_ecommerce.TestCheckoutFlow" name="test_mock_confirm_payment_marks_commission_paid" time="0.110" /><testcase classname="backend.tests.test_ecommerce.TestCheckoutFlow" name="test_checkout_with_ref_code_no_sponsor" time="0.666" /><testcase classname="backend.tests.test_ecommerce.TestCheckoutFlow" name="test_checkout_empty_cart" time="0.500" /><testcase classname="backend.tests.test_ecommerce.TestAdmin" name="test_admin_dashboard" time="0.396" /><testcase classname="backend.tests.test_ecommerce.TestAdmin" name="test_admin_list_users" time="0.056" /><testcase classname="backend.tests.test_ecommerce.TestAdmin" name="test_admin_list_orders" time="0.054" /><testcase classname="backend.tests.test_ecommerce.TestAdmin" name="test_admin_crud_category" time="0.186" /><testcase classname="backend.tests.test_ecommerce.TestAdmin" name="test_admin_crud_product" time="0.402" /><testcase classname="backend.tests.test_ecommerce.TestAdmin" name="test_admin_update_order_status" time="0.053" /><testcase classname="backend.tests.test_ecommerce.TestAdmin" name="test_customer_blocked_from_admin" time="0.050" /><testcase classname="backend.tests.test_ecommerce.TestAdmin" name="test_unauth_blocked_from_admin" time="0.110" /></testsuite></testsuites>